<?xml version="1.0" encoding="UTF-8"?>
<!-- Generated by org.testng.reporters.JUnitXMLReporter -->
<testsuite hostname="DESKTOP-0AG0V8V" ignored="0" name="FW1_TL_ER4 App Test Cases - Chrome" tests="2" failures="0" timestamp="03 Mar 2020 16:46:07 GMT" time="64.719" errors="0">
  <testcase name="login_and_logout_Test" time="14.155" classname="com.testcases.LoginPageTest"/>
  <testcase name="login_functionality_Test" time="26.786" classname="com.testcases.LoginPageTest"/>
</testsuite> <!-- FW1_TL_ER4 App Test Cases - Chrome -->
